<?xml version="1.0" encoding="UTF-8"?>
<!-- Generated by org.testng.reporters.JUnitReportReporter -->
<testsuite hostname="DESKTOP-ST6BNIN" name="testng.HomePageTest" tests="1" failures="0" timestamp="27 Dec 2018 06:03:47 GMT" time="1.079" errors="0">
  <testcase name="testEasy" time="1.079" classname="testng.HomePageTest"/>
</testsuite> <!-- testng.HomePageTest -->
