<?xml version="1.0" encoding="UTF-8"?>
<!-- Generated by org.testng.reporters.JUnitReportReporter -->
<testsuite hostname="DESKTOP-ST6BNIN" name="testng.BaiduTest" tests="1" failures="0" timestamp="27 Dec 2018 10:07:56 GMT" time="0.974" errors="0">
  <testcase name="testEasy" time="0.974" classname="testng.BaiduTest"/>
</testsuite> <!-- testng.BaiduTest -->
