<?xml version="1.0" encoding="UTF-8"?>
<!-- Generated by org.testng.reporters.JUnitReportReporter -->
<testsuite hostname="DESKTOP-ST6BNIN" name="testng.HomePageTest" tests="1" failures="0" timestamp="27 Dec 2018 06:24:28 GMT" time="2.742" errors="0">
  <testcase name="testEasy" time="2.742" classname="testng.HomePageTest"/>
</testsuite> <!-- testng.HomePageTest -->
