<?xml version="1.0" encoding="UTF-8"?>
<!-- Generated by org.testng.reporters.JUnitXMLReporter -->
<testsuite hostname="DESKTOP-ST6BNIN" tests="0" failures="0" timestamp="27 Dec 2018 09:03:21 GMT" time="0.004" errors="0">
</testsuite>
