<?xml version="1.0" encoding="UTF-8"?>
<!-- Generated by org.testng.reporters.JUnitXMLReporter -->
<testsuite hostname="DESKTOP-ST6BNIN" name="JUnitTests" tests="35" failures="0" timestamp="31 Dec 2018 10:35:00 GMT" time="0.434" errors="0">
  <testcase name="testGetDateOfNextDay[0] on testGetDateOfNextDay[0](junit.ComputeDateTest_testGetDateOfNextDay)" time="0.109" classname="junit.ComputeDateTest_testGetDateOfNextDay"/>
  <testcase name="testGetDateOfNextDay[1] on testGetDateOfNextDay[1](junit.ComputeDateTest_testGetDateOfNextDay)" time="0.005" classname="junit.ComputeDateTest_testGetDateOfNextDay"/>
  <testcase name="testGetDateOfNextDay[2] on testGetDateOfNextDay[2](junit.ComputeDateTest_testGetDateOfNextDay)" time="0.004" classname="junit.ComputeDateTest_testGetDateOfNextDay"/>
  <testcase name="testGetDateOfNextDay[3] on testGetDateOfNextDay[3](junit.ComputeDateTest_testGetDateOfNextDay)" time="0.004" classname="junit.ComputeDateTest_testGetDateOfNextDay"/>
  <testcase name="testGetDateOfNextDay[4] on testGetDateOfNextDay[4](junit.ComputeDateTest_testGetDateOfNextDay)" time="0.004" classname="junit.ComputeDateTest_testGetDateOfNextDay"/>
  <testcase name="testGetDateOfNextDay[5] on testGetDateOfNextDay[5](junit.ComputeDateTest_testGetDateOfNextDay)" time="0.003" classname="junit.ComputeDateTest_testGetDateOfNextDay"/>
  <testcase name="testGetDateOfNextDay[6] on testGetDateOfNextDay[6](junit.ComputeDateTest_testGetDateOfNextDay)" time="0.003" classname="junit.ComputeDateTest_testGetDateOfNextDay"/>
  <testcase name="testGetDateOfNextDay[7] on testGetDateOfNextDay[7](junit.ComputeDateTest_testGetDateOfNextDay)" time="0.005" classname="junit.ComputeDateTest_testGetDateOfNextDay"/>
  <testcase name="testGetDateOfNextDay[8] on testGetDateOfNextDay[8](junit.ComputeDateTest_testGetDateOfNextDay)" time="0.003" classname="junit.ComputeDateTest_testGetDateOfNextDay"/>
  <testcase name="testGetDateOfNextDay[9] on testGetDateOfNextDay[9](junit.ComputeDateTest_testGetDateOfNextDay)" time="0.004" classname="junit.ComputeDateTest_testGetDateOfNextDay"/>
  <testcase name="testGetDateOfNextDay[10] on testGetDateOfNextDay[10](junit.ComputeDateTest_testGetDateOfNextDay)" time="0.004" classname="junit.ComputeDateTest_testGetDateOfNextDay"/>
  <testcase name="testGetDateOfNextDay[11] on testGetDateOfNextDay[11](junit.ComputeDateTest_testGetDateOfNextDay)" time="0.003" classname="junit.ComputeDateTest_testGetDateOfNextDay"/>
  <testcase name="testGetDateOfNextDay[12] on testGetDateOfNextDay[12](junit.ComputeDateTest_testGetDateOfNextDay)" time="0.003" classname="junit.ComputeDateTest_testGetDateOfNextDay"/>
  <testcase name="testGetDateOfNextDay[13] on testGetDateOfNextDay[13](junit.ComputeDateTest_testGetDateOfNextDay)" time="0.004" classname="junit.ComputeDateTest_testGetDateOfNextDay"/>
  <testcase name="testGetDateOfNextDay[14] on testGetDateOfNextDay[14](junit.ComputeDateTest_testGetDateOfNextDay)" time="0.003" classname="junit.ComputeDateTest_testGetDateOfNextDay"/>
  <testcase name="testGetDateOfNextDay[15] on testGetDateOfNextDay[15](junit.ComputeDateTest_testGetDateOfNextDay)" time="0.004" classname="junit.ComputeDateTest_testGetDateOfNextDay"/>
  <testcase name="testGetDateOfNextDay[16] on testGetDateOfNextDay[16](junit.ComputeDateTest_testGetDateOfNextDay)" time="0.01" classname="junit.ComputeDateTest_testGetDateOfNextDay"/>
  <testcase name="testGetDateOfNextDay[17] on testGetDateOfNextDay[17](junit.ComputeDateTest_testGetDateOfNextDay)" time="0.003" classname="junit.ComputeDateTest_testGetDateOfNextDay"/>
  <testcase name="testGetDateOfNextDay[18] on testGetDateOfNextDay[18](junit.ComputeDateTest_testGetDateOfNextDay)" time="0.005" classname="junit.ComputeDateTest_testGetDateOfNextDay"/>
  <testcase name="testGetDateOfNextDay[19] on testGetDateOfNextDay[19](junit.ComputeDateTest_testGetDateOfNextDay)" time="0.009" classname="junit.ComputeDateTest_testGetDateOfNextDay"/>
  <testcase name="testGetDateOfNextDay[20] on testGetDateOfNextDay[20](junit.ComputeDateTest_testGetDateOfNextDay)" time="0.004" classname="junit.ComputeDateTest_testGetDateOfNextDay"/>
  <testcase name="testGetDateOfNextDay[21] on testGetDateOfNextDay[21](junit.ComputeDateTest_testGetDateOfNextDay)" time="0.004" classname="junit.ComputeDateTest_testGetDateOfNextDay"/>
  <testcase name="testGetDateOfNextDay[22] on testGetDateOfNextDay[22](junit.ComputeDateTest_testGetDateOfNextDay)" time="0.003" classname="junit.ComputeDateTest_testGetDateOfNextDay"/>
  <testcase name="testGetDateOfNextDay[23] on testGetDateOfNextDay[23](junit.ComputeDateTest_testGetDateOfNextDay)" time="0.003" classname="junit.ComputeDateTest_testGetDateOfNextDay"/>
  <testcase name="testGetDateOfNextDay[24] on testGetDateOfNextDay[24](junit.ComputeDateTest_testGetDateOfNextDay)" time="0.003" classname="junit.ComputeDateTest_testGetDateOfNextDay"/>
  <testcase name="testGetDateOfNextDay[25] on testGetDateOfNextDay[25](junit.ComputeDateTest_testGetDateOfNextDay)" time="0.003" classname="junit.ComputeDateTest_testGetDateOfNextDay"/>
  <testcase name="testGetDateOfNextDay[26] on testGetDateOfNextDay[26](junit.ComputeDateTest_testGetDateOfNextDay)" time="0.009" classname="junit.ComputeDateTest_testGetDateOfNextDay"/>
  <testcase name="testGetDateOfNextDay[27] on testGetDateOfNextDay[27](junit.ComputeDateTest_testGetDateOfNextDay)" time="0.002" classname="junit.ComputeDateTest_testGetDateOfNextDay"/>
  <testcase name="testGetDateOfNextDay[28] on testGetDateOfNextDay[28](junit.ComputeDateTest_testGetDateOfNextDay)" time="0.002" classname="junit.ComputeDateTest_testGetDateOfNextDay"/>
  <testcase name="testGetDateOfNextDay[29] on testGetDateOfNextDay[29](junit.ComputeDateTest_testGetDateOfNextDay)" time="0.001" classname="junit.ComputeDateTest_testGetDateOfNextDay"/>
  <testcase name="testGetDateOfNextDay[30] on testGetDateOfNextDay[30](junit.ComputeDateTest_testGetDateOfNextDay)" time="0.002" classname="junit.ComputeDateTest_testGetDateOfNextDay"/>
  <testcase name="testGetDateOfNextDay[31] on testGetDateOfNextDay[31](junit.ComputeDateTest_testGetDateOfNextDay)" time="0.011" classname="junit.ComputeDateTest_testGetDateOfNextDay"/>
  <testcase name="testGetDateOfNextDay[32] on testGetDateOfNextDay[32](junit.ComputeDateTest_testGetDateOfNextDay)" time="0.001" classname="junit.ComputeDateTest_testGetDateOfNextDay"/>
  <testcase name="testGetDateOfNextDay[33] on testGetDateOfNextDay[33](junit.ComputeDateTest_testGetDateOfNextDay)" time="0.002" classname="junit.ComputeDateTest_testGetDateOfNextDay"/>
  <testcase name="testGetDateOfNextDay[34] on testGetDateOfNextDay[34](junit.ComputeDateTest_testGetDateOfNextDay)" time="0.002" classname="junit.ComputeDateTest_testGetDateOfNextDay"/>
</testsuite> <!-- JUnitTests -->
