<?xml version="1.0" encoding="UTF-8"?>
<!-- Generated by org.testng.reporters.JUnitXMLReporter -->
<testsuite hostname="DESKTOP-ST6BNIN" name="JUnitTests" tests="77" failures="0" timestamp="28 Dec 2018 04:23:53 GMT" time="0.595" errors="0">
  <testcase name="testGetYearOfNextDay[0] on testGetYearOfNextDay[0](junit.ComputeDateTest_testGetYearOfNextDay)" time="0.109" classname="junit.ComputeDateTest_testGetYearOfNextDay"/>
  <testcase name="testGetYearOfNextDay[1] on testGetYearOfNextDay[1](junit.ComputeDateTest_testGetYearOfNextDay)" time="0.012" classname="junit.ComputeDateTest_testGetYearOfNextDay"/>
  <testcase name="testGetYearOfNextDay[2] on testGetYearOfNextDay[2](junit.ComputeDateTest_testGetYearOfNextDay)" time="0.009" classname="junit.ComputeDateTest_testGetYearOfNextDay"/>
  <testcase name="testGetYearOfNextDay[3] on testGetYearOfNextDay[3](junit.ComputeDateTest_testGetYearOfNextDay)" time="0.004" classname="junit.ComputeDateTest_testGetYearOfNextDay"/>
  <testcase name="testGetYearOfNextDay[4] on testGetYearOfNextDay[4](junit.ComputeDateTest_testGetYearOfNextDay)" time="0.005" classname="junit.ComputeDateTest_testGetYearOfNextDay"/>
  <testcase name="testGetYearOfNextDay[5] on testGetYearOfNextDay[5](junit.ComputeDateTest_testGetYearOfNextDay)" time="0.006" classname="junit.ComputeDateTest_testGetYearOfNextDay"/>
  <testcase name="testGetYearOfNextDay[6] on testGetYearOfNextDay[6](junit.ComputeDateTest_testGetYearOfNextDay)" time="0.008" classname="junit.ComputeDateTest_testGetYearOfNextDay"/>
  <testcase name="testGetYearOfNextDay[7] on testGetYearOfNextDay[7](junit.ComputeDateTest_testGetYearOfNextDay)" time="0.013" classname="junit.ComputeDateTest_testGetYearOfNextDay"/>
  <testcase name="testGetYearOfNextDay[8] on testGetYearOfNextDay[8](junit.ComputeDateTest_testGetYearOfNextDay)" time="0.005" classname="junit.ComputeDateTest_testGetYearOfNextDay"/>
  <testcase name="testGetYearOfNextDay[9] on testGetYearOfNextDay[9](junit.ComputeDateTest_testGetYearOfNextDay)" time="0.007" classname="junit.ComputeDateTest_testGetYearOfNextDay"/>
  <testcase name="testGetYearOfNextDay[10] on testGetYearOfNextDay[10](junit.ComputeDateTest_testGetYearOfNextDay)" time="0.005" classname="junit.ComputeDateTest_testGetYearOfNextDay"/>
  <testcase name="testGetYearOfNextDay[11] on testGetYearOfNextDay[11](junit.ComputeDateTest_testGetYearOfNextDay)" time="0.01" classname="junit.ComputeDateTest_testGetYearOfNextDay"/>
  <testcase name="testGetYearOfNextDay[12] on testGetYearOfNextDay[12](junit.ComputeDateTest_testGetYearOfNextDay)" time="0.006" classname="junit.ComputeDateTest_testGetYearOfNextDay"/>
  <testcase name="testGetYearOfNextDay[13] on testGetYearOfNextDay[13](junit.ComputeDateTest_testGetYearOfNextDay)" time="0.008" classname="junit.ComputeDateTest_testGetYearOfNextDay"/>
  <testcase name="testGetYearOfNextDay[14] on testGetYearOfNextDay[14](junit.ComputeDateTest_testGetYearOfNextDay)" time="0.006" classname="junit.ComputeDateTest_testGetYearOfNextDay"/>
  <testcase name="testGetYearOfNextDay[15] on testGetYearOfNextDay[15](junit.ComputeDateTest_testGetYearOfNextDay)" time="0.006" classname="junit.ComputeDateTest_testGetYearOfNextDay"/>
  <testcase name="testGetYearOfNextDay[16] on testGetYearOfNextDay[16](junit.ComputeDateTest_testGetYearOfNextDay)" time="0.004" classname="junit.ComputeDateTest_testGetYearOfNextDay"/>
  <testcase name="testGetYearOfNextDay[17] on testGetYearOfNextDay[17](junit.ComputeDateTest_testGetYearOfNextDay)" time="0.007" classname="junit.ComputeDateTest_testGetYearOfNextDay"/>
  <testcase name="testGetYearOfNextDay[18] on testGetYearOfNextDay[18](junit.ComputeDateTest_testGetYearOfNextDay)" time="0.004" classname="junit.ComputeDateTest_testGetYearOfNextDay"/>
  <testcase name="testGetYearOfNextDay[19] on testGetYearOfNextDay[19](junit.ComputeDateTest_testGetYearOfNextDay)" time="0.005" classname="junit.ComputeDateTest_testGetYearOfNextDay"/>
  <testcase name="testGetYearOfNextDay[20] on testGetYearOfNextDay[20](junit.ComputeDateTest_testGetYearOfNextDay)" time="0.004" classname="junit.ComputeDateTest_testGetYearOfNextDay"/>
  <testcase name="testGetYearOfNextDay[21] on testGetYearOfNextDay[21](junit.ComputeDateTest_testGetYearOfNextDay)" time="0.02" classname="junit.ComputeDateTest_testGetYearOfNextDay"/>
  <testcase name="testGetYearOfNextDay[22] on testGetYearOfNextDay[22](junit.ComputeDateTest_testGetYearOfNextDay)" time="0.004" classname="junit.ComputeDateTest_testGetYearOfNextDay"/>
  <testcase name="testGetYearOfNextDay[23] on testGetYearOfNextDay[23](junit.ComputeDateTest_testGetYearOfNextDay)" time="0.004" classname="junit.ComputeDateTest_testGetYearOfNextDay"/>
  <testcase name="testGetYearOfNextDay[24] on testGetYearOfNextDay[24](junit.ComputeDateTest_testGetYearOfNextDay)" time="0.002" classname="junit.ComputeDateTest_testGetYearOfNextDay"/>
  <testcase name="testGetYearOfNextDay[25] on testGetYearOfNextDay[25](junit.ComputeDateTest_testGetYearOfNextDay)" time="0.002" classname="junit.ComputeDateTest_testGetYearOfNextDay"/>
  <testcase name="testGetYearOfNextDay[26] on testGetYearOfNextDay[26](junit.ComputeDateTest_testGetYearOfNextDay)" time="0.002" classname="junit.ComputeDateTest_testGetYearOfNextDay"/>
  <testcase name="testGetYearOfNextDay[27] on testGetYearOfNextDay[27](junit.ComputeDateTest_testGetYearOfNextDay)" time="0.015" classname="junit.ComputeDateTest_testGetYearOfNextDay"/>
  <testcase name="testGetYearOfNextDay[28] on testGetYearOfNextDay[28](junit.ComputeDateTest_testGetYearOfNextDay)" time="0.002" classname="junit.ComputeDateTest_testGetYearOfNextDay"/>
  <testcase name="testGetYearOfNextDay[29] on testGetYearOfNextDay[29](junit.ComputeDateTest_testGetYearOfNextDay)" time="0.002" classname="junit.ComputeDateTest_testGetYearOfNextDay"/>
  <testcase name="testGetYearOfNextDay[30] on testGetYearOfNextDay[30](junit.ComputeDateTest_testGetYearOfNextDay)" time="0.002" classname="junit.ComputeDateTest_testGetYearOfNextDay"/>
  <testcase name="testGetYearOfNextDay[31] on testGetYearOfNextDay[31](junit.ComputeDateTest_testGetYearOfNextDay)" time="0.003" classname="junit.ComputeDateTest_testGetYearOfNextDay"/>
  <testcase name="testGetYearOfNextDay[32] on testGetYearOfNextDay[32](junit.ComputeDateTest_testGetYearOfNextDay)" time="0.002" classname="junit.ComputeDateTest_testGetYearOfNextDay"/>
  <testcase name="testGetYearOfNextDay[33] on testGetYearOfNextDay[33](junit.ComputeDateTest_testGetYearOfNextDay)" time="0.002" classname="junit.ComputeDateTest_testGetYearOfNextDay"/>
  <testcase name="testGetYearOfNextDay[34] on testGetYearOfNextDay[34](junit.ComputeDateTest_testGetYearOfNextDay)" time="0.009" classname="junit.ComputeDateTest_testGetYearOfNextDay"/>
  <testcase name="testGetYearOfNextDay[35] on testGetYearOfNextDay[35](junit.ComputeDateTest_testGetYearOfNextDay)" time="0.017" classname="junit.ComputeDateTest_testGetYearOfNextDay"/>
  <testcase name="testGetYearOfNextDay[36] on testGetYearOfNextDay[36](junit.ComputeDateTest_testGetYearOfNextDay)" time="0.003" classname="junit.ComputeDateTest_testGetYearOfNextDay"/>
  <testcase name="testGetYearOfNextDay[37] on testGetYearOfNextDay[37](junit.ComputeDateTest_testGetYearOfNextDay)" time="0.001" classname="junit.ComputeDateTest_testGetYearOfNextDay"/>
  <testcase name="testGetYearOfNextDay[38] on testGetYearOfNextDay[38](junit.ComputeDateTest_testGetYearOfNextDay)" time="0.001" classname="junit.ComputeDateTest_testGetYearOfNextDay"/>
  <testcase name="testGetYearOfNextDay[39] on testGetYearOfNextDay[39](junit.ComputeDateTest_testGetYearOfNextDay)" time="0.001" classname="junit.ComputeDateTest_testGetYearOfNextDay"/>
  <testcase name="testGetYearOfNextDay[40] on testGetYearOfNextDay[40](junit.ComputeDateTest_testGetYearOfNextDay)" time="0.001" classname="junit.ComputeDateTest_testGetYearOfNextDay"/>
  <testcase name="testGetYearOfNextDay[41] on testGetYearOfNextDay[41](junit.ComputeDateTest_testGetYearOfNextDay)" time="0.0" classname="junit.ComputeDateTest_testGetYearOfNextDay"/>
  <testcase name="testGetDateOfNextDay[0] on testGetDateOfNextDay[0](junit.ComputeDateTest_testGetDateOfNextDay)" time="0.001" classname="junit.ComputeDateTest_testGetDateOfNextDay"/>
  <testcase name="testGetDateOfNextDay[1] on testGetDateOfNextDay[1](junit.ComputeDateTest_testGetDateOfNextDay)" time="0.001" classname="junit.ComputeDateTest_testGetDateOfNextDay"/>
  <testcase name="testGetDateOfNextDay[2] on testGetDateOfNextDay[2](junit.ComputeDateTest_testGetDateOfNextDay)" time="0.0" classname="junit.ComputeDateTest_testGetDateOfNextDay"/>
  <testcase name="testGetDateOfNextDay[3] on testGetDateOfNextDay[3](junit.ComputeDateTest_testGetDateOfNextDay)" time="0.001" classname="junit.ComputeDateTest_testGetDateOfNextDay"/>
  <testcase name="testGetDateOfNextDay[4] on testGetDateOfNextDay[4](junit.ComputeDateTest_testGetDateOfNextDay)" time="0.0" classname="junit.ComputeDateTest_testGetDateOfNextDay"/>
  <testcase name="testGetDateOfNextDay[5] on testGetDateOfNextDay[5](junit.ComputeDateTest_testGetDateOfNextDay)" time="0.001" classname="junit.ComputeDateTest_testGetDateOfNextDay"/>
  <testcase name="testGetDateOfNextDay[6] on testGetDateOfNextDay[6](junit.ComputeDateTest_testGetDateOfNextDay)" time="0.001" classname="junit.ComputeDateTest_testGetDateOfNextDay"/>
  <testcase name="testGetDateOfNextDay[7] on testGetDateOfNextDay[7](junit.ComputeDateTest_testGetDateOfNextDay)" time="0.001" classname="junit.ComputeDateTest_testGetDateOfNextDay"/>
  <testcase name="testGetDateOfNextDay[8] on testGetDateOfNextDay[8](junit.ComputeDateTest_testGetDateOfNextDay)" time="0.002" classname="junit.ComputeDateTest_testGetDateOfNextDay"/>
  <testcase name="testGetDateOfNextDay[9] on testGetDateOfNextDay[9](junit.ComputeDateTest_testGetDateOfNextDay)" time="0.0" classname="junit.ComputeDateTest_testGetDateOfNextDay"/>
  <testcase name="testGetDateOfNextDay[10] on testGetDateOfNextDay[10](junit.ComputeDateTest_testGetDateOfNextDay)" time="0.0" classname="junit.ComputeDateTest_testGetDateOfNextDay"/>
  <testcase name="testGetDateOfNextDay[11] on testGetDateOfNextDay[11](junit.ComputeDateTest_testGetDateOfNextDay)" time="0.0" classname="junit.ComputeDateTest_testGetDateOfNextDay"/>
  <testcase name="testGetDateOfNextDay[12] on testGetDateOfNextDay[12](junit.ComputeDateTest_testGetDateOfNextDay)" time="0.0" classname="junit.ComputeDateTest_testGetDateOfNextDay"/>
  <testcase name="testGetDateOfNextDay[13] on testGetDateOfNextDay[13](junit.ComputeDateTest_testGetDateOfNextDay)" time="0.0" classname="junit.ComputeDateTest_testGetDateOfNextDay"/>
  <testcase name="testGetDateOfNextDay[14] on testGetDateOfNextDay[14](junit.ComputeDateTest_testGetDateOfNextDay)" time="0.002" classname="junit.ComputeDateTest_testGetDateOfNextDay"/>
  <testcase name="testGetDateOfNextDay[15] on testGetDateOfNextDay[15](junit.ComputeDateTest_testGetDateOfNextDay)" time="0.002" classname="junit.ComputeDateTest_testGetDateOfNextDay"/>
  <testcase name="testGetDateOfNextDay[16] on testGetDateOfNextDay[16](junit.ComputeDateTest_testGetDateOfNextDay)" time="0.001" classname="junit.ComputeDateTest_testGetDateOfNextDay"/>
  <testcase name="testGetDateOfNextDay[17] on testGetDateOfNextDay[17](junit.ComputeDateTest_testGetDateOfNextDay)" time="0.001" classname="junit.ComputeDateTest_testGetDateOfNextDay"/>
  <testcase name="testGetDateOfNextDay[18] on testGetDateOfNextDay[18](junit.ComputeDateTest_testGetDateOfNextDay)" time="0.001" classname="junit.ComputeDateTest_testGetDateOfNextDay"/>
  <testcase name="testGetDateOfNextDay[19] on testGetDateOfNextDay[19](junit.ComputeDateTest_testGetDateOfNextDay)" time="0.0" classname="junit.ComputeDateTest_testGetDateOfNextDay"/>
  <testcase name="testGetDateOfNextDay[20] on testGetDateOfNextDay[20](junit.ComputeDateTest_testGetDateOfNextDay)" time="0.0" classname="junit.ComputeDateTest_testGetDateOfNextDay"/>
  <testcase name="testGetDateOfNextDay[21] on testGetDateOfNextDay[21](junit.ComputeDateTest_testGetDateOfNextDay)" time="0.001" classname="junit.ComputeDateTest_testGetDateOfNextDay"/>
  <testcase name="testGetDateOfNextDay[22] on testGetDateOfNextDay[22](junit.ComputeDateTest_testGetDateOfNextDay)" time="0.001" classname="junit.ComputeDateTest_testGetDateOfNextDay"/>
  <testcase name="testGetDateOfNextDay[23] on testGetDateOfNextDay[23](junit.ComputeDateTest_testGetDateOfNextDay)" time="0.0" classname="junit.ComputeDateTest_testGetDateOfNextDay"/>
  <testcase name="testGetDateOfNextDay[24] on testGetDateOfNextDay[24](junit.ComputeDateTest_testGetDateOfNextDay)" time="0.001" classname="junit.ComputeDateTest_testGetDateOfNextDay"/>
  <testcase name="testGetDateOfNextDay[25] on testGetDateOfNextDay[25](junit.ComputeDateTest_testGetDateOfNextDay)" time="0.001" classname="junit.ComputeDateTest_testGetDateOfNextDay"/>
  <testcase name="testGetDateOfNextDay[26] on testGetDateOfNextDay[26](junit.ComputeDateTest_testGetDateOfNextDay)" time="0.0" classname="junit.ComputeDateTest_testGetDateOfNextDay"/>
  <testcase name="testGetDateOfNextDay[27] on testGetDateOfNextDay[27](junit.ComputeDateTest_testGetDateOfNextDay)" time="0.0" classname="junit.ComputeDateTest_testGetDateOfNextDay"/>
  <testcase name="testGetDateOfNextDay[28] on testGetDateOfNextDay[28](junit.ComputeDateTest_testGetDateOfNextDay)" time="0.001" classname="junit.ComputeDateTest_testGetDateOfNextDay"/>
  <testcase name="testGetDateOfNextDay[29] on testGetDateOfNextDay[29](junit.ComputeDateTest_testGetDateOfNextDay)" time="0.0" classname="junit.ComputeDateTest_testGetDateOfNextDay"/>
  <testcase name="testGetDateOfNextDay[30] on testGetDateOfNextDay[30](junit.ComputeDateTest_testGetDateOfNextDay)" time="0.001" classname="junit.ComputeDateTest_testGetDateOfNextDay"/>
  <testcase name="testGetDateOfNextDay[31] on testGetDateOfNextDay[31](junit.ComputeDateTest_testGetDateOfNextDay)" time="0.0" classname="junit.ComputeDateTest_testGetDateOfNextDay"/>
  <testcase name="testGetDateOfNextDay[32] on testGetDateOfNextDay[32](junit.ComputeDateTest_testGetDateOfNextDay)" time="0.0" classname="junit.ComputeDateTest_testGetDateOfNextDay"/>
  <testcase name="testGetDateOfNextDay[33] on testGetDateOfNextDay[33](junit.ComputeDateTest_testGetDateOfNextDay)" time="0.001" classname="junit.ComputeDateTest_testGetDateOfNextDay"/>
  <testcase name="testGetDateOfNextDay[34] on testGetDateOfNextDay[34](junit.ComputeDateTest_testGetDateOfNextDay)" time="0.001" classname="junit.ComputeDateTest_testGetDateOfNextDay"/>
</testsuite> <!-- JUnitTests -->
