<?xml version="1.0" encoding="UTF-8"?>
<testsuite xmlns:xsi="http://www.w3.org/2001/XMLSchema-instance" xsi:schemaLocation="https://maven.apache.org/surefire/maven-surefire-plugin/xsd/surefire-test-report.xsd" name="TestSuite" time="1.656" tests="42" errors="0" skipped="0" failures="0">
  <properties>
    <property name="java.runtime.name" value="Java(TM) SE Runtime Environment"/>
    <property name="sun.boot.library.path" value="C:\Program Files\Java\jdk1.8.0_191\jre\bin"/>
    <property name="java.vm.version" value="25.191-b12"/>
    <property name="java.vm.vendor" value="Oracle Corporation"/>
    <property name="maven.multiModuleProjectDirectory" value="C:\Users\chantungyee\Desktop\ASTHW\eclipse-workspace\HelloAST"/>
    <property name="java.vendor.url" value="http://java.oracle.com/"/>
    <property name="path.separator" value=";"/>
    <property name="guice.disable.misplaced.annotation.check" value="true"/>
    <property name="java.vm.name" value="Java HotSpot(TM) 64-Bit Server VM"/>
    <property name="file.encoding.pkg" value="sun.io"/>
    <property name="user.script" value=""/>
    <property name="user.country" value="CN"/>
    <property name="sun.java.launcher" value="SUN_STANDARD"/>
    <property name="sun.os.patch.level" value=""/>
    <property name="java.vm.specification.name" value="Java Virtual Machine Specification"/>
    <property name="user.dir" value="C:\Users\chantungyee\Desktop\ASTHW\eclipse-workspace\HelloAST"/>
    <property name="java.runtime.version" value="1.8.0_191-b12"/>
    <property name="java.awt.graphicsenv" value="sun.awt.Win32GraphicsEnvironment"/>
    <property name="java.endorsed.dirs" value="C:\Program Files\Java\jdk1.8.0_191\jre\lib\endorsed"/>
    <property name="os.arch" value="amd64"/>
    <property name="java.io.tmpdir" value="C:\Users\CHANTU~1\AppData\Local\Temp\"/>
    <property name="line.separator" value="&#10;"/>
    <property name="java.vm.specification.vendor" value="Oracle Corporation"/>
    <property name="user.variant" value=""/>
    <property name="os.name" value="Windows 10"/>
    <property name="classworlds.conf" value="D:\apache-maven-3.6.0\bin\..\bin\m2.conf"/>
    <property name="sun.jnu.encoding" value="GBK"/>
    <property name="java.library.path" value="C:\Program Files\Java\jdk1.8.0_191\bin;C:\WINDOWS\Sun\Java\bin;C:\WINDOWS\system32;C:\WINDOWS;C:/Program Files/Java/jdk1.8.0_191/bin/../jre/bin/server;C:/Program Files/Java/jdk1.8.0_191/bin/../jre/bin;C:/Program Files/Java/jdk1.8.0_191/bin/../jre/lib/amd64;C:\WINDOWS\system32;C:\WINDOWS;C:\WINDOWS\System32\Wbem;C:\WINDOWS\System32\WindowsPowerShell\v1.0\;C:\WINDOWS\System32\OpenSSH\;C:\Program Files\Git\cmd;C:\Program Files\nodejs\;C:\Python27;C:\Python27\Scripts;C:\Program Files\Java\jdk1.8.0_191\bin;D:\BigData\hadoop-2.7.6\bin;C:\Program Files (x86)\scala\bin;C:\TestingWhiz Enterprise Edition\plugins\com.cygnet.autotest_6.2.0\libs;C:\Users\chantungyee\AppData\Local\Programs\Python\Python37\Scripts\;C:\Users\chantungyee\AppData\Local\Programs\Python\Python37\;C:\Users\chantungyee\AppData\Local\Microsoft\WindowsApps;C:\Users\chantungyee\AppData\Roaming\npm;C:\Users\chantungyee\AppData\Local\Programs\Microsoft VS Code\bin;D:\BigData\spark-2.4.0-bin-hadoop2.7\bin;D:\BigData\spark-2.4.0-bin-hadoop2.7\sbin;C:\Program Files\Java\jdk1.8.0_191\bin;D:\apache-ant-1.10.5\bin;D:\apache-maven-3.6.0\bin;;C:\WINDOWS\system32;;."/>
    <property name="maven.conf" value="D:\apache-maven-3.6.0\bin\../conf"/>
    <property name="java.specification.name" value="Java Platform API Specification"/>
    <property name="java.class.version" value="52.0"/>
    <property name="sun.management.compiler" value="HotSpot 64-Bit Tiered Compilers"/>
    <property name="os.version" value="10.0"/>
    <property name="library.jansi.path" value="D:\apache-maven-3.6.0\bin\..\lib\jansi-native"/>
    <property name="user.home" value="C:\Users\chantungyee"/>
    <property name="user.timezone" value="Asia/Shanghai"/>
    <property name="java.awt.printerjob" value="sun.awt.windows.WPrinterJob"/>
    <property name="java.specification.version" value="1.8"/>
    <property name="file.encoding" value="GBK"/>
    <property name="user.name" value="chantungyee"/>
    <property name="java.class.path" value="D:\apache-maven-3.6.0\bin\..\boot\plexus-classworlds-2.5.2.jar"/>
    <property name="java.vm.specification.version" value="1.8"/>
    <property name="sun.arch.data.model" value="64"/>
    <property name="java.home" value="C:\Program Files\Java\jdk1.8.0_191\jre"/>
    <property name="sun.java.command" value="org.codehaus.plexus.classworlds.launcher.Launcher clean test"/>
    <property name="java.specification.vendor" value="Oracle Corporation"/>
    <property name="user.language" value="zh"/>
    <property name="awt.toolkit" value="sun.awt.windows.WToolkit"/>
    <property name="java.vm.info" value="mixed mode"/>
    <property name="java.version" value="1.8.0_191"/>
    <property name="java.ext.dirs" value="C:\Program Files\Java\jdk1.8.0_191\jre\lib\ext;C:\WINDOWS\Sun\Java\lib\ext"/>
    <property name="sun.boot.class.path" value="C:\Program Files\Java\jdk1.8.0_191\jre\lib\resources.jar;C:\Program Files\Java\jdk1.8.0_191\jre\lib\rt.jar;C:\Program Files\Java\jdk1.8.0_191\jre\lib\sunrsasign.jar;C:\Program Files\Java\jdk1.8.0_191\jre\lib\jsse.jar;C:\Program Files\Java\jdk1.8.0_191\jre\lib\jce.jar;C:\Program Files\Java\jdk1.8.0_191\jre\lib\charsets.jar;C:\Program Files\Java\jdk1.8.0_191\jre\lib\jfr.jar;C:\Program Files\Java\jdk1.8.0_191\jre\classes"/>
    <property name="sun.stderr.encoding" value="ms936"/>
    <property name="java.vendor" value="Oracle Corporation"/>
    <property name="maven.home" value="D:\apache-maven-3.6.0\bin\.."/>
    <property name="file.separator" value="\"/>
    <property name="java.vendor.url.bug" value="http://bugreport.sun.com/bugreport/"/>
    <property name="sun.cpu.endian" value="little"/>
    <property name="sun.io.unicode.encoding" value="UnicodeLittle"/>
    <property name="sun.stdout.encoding" value="ms936"/>
    <property name="sun.desktop" value="windows"/>
    <property name="sun.cpu.isalist" value="amd64"/>
  </properties>
  <testcase name="testGetMonthOfNextDay[0] on testGetMonthOfNextDay[0](junit.ComputeDateTest_getMonthOfNextDay)" classname="junit.ComputeDateTest_getMonthOfNextDay" time="0.127"/>
  <testcase name="testGetMonthOfNextDay[1] on testGetMonthOfNextDay[1](junit.ComputeDateTest_getMonthOfNextDay)" classname="junit.ComputeDateTest_getMonthOfNextDay" time="0.007"/>
  <testcase name="testGetMonthOfNextDay[2] on testGetMonthOfNextDay[2](junit.ComputeDateTest_getMonthOfNextDay)" classname="junit.ComputeDateTest_getMonthOfNextDay" time="0.064"/>
  <testcase name="testGetMonthOfNextDay[3] on testGetMonthOfNextDay[3](junit.ComputeDateTest_getMonthOfNextDay)" classname="junit.ComputeDateTest_getMonthOfNextDay" time="0.008"/>
  <testcase name="testGetMonthOfNextDay[4] on testGetMonthOfNextDay[4](junit.ComputeDateTest_getMonthOfNextDay)" classname="junit.ComputeDateTest_getMonthOfNextDay" time="0.004"/>
  <testcase name="testGetMonthOfNextDay[5] on testGetMonthOfNextDay[5](junit.ComputeDateTest_getMonthOfNextDay)" classname="junit.ComputeDateTest_getMonthOfNextDay" time="0.004"/>
  <testcase name="testGetMonthOfNextDay[6] on testGetMonthOfNextDay[6](junit.ComputeDateTest_getMonthOfNextDay)" classname="junit.ComputeDateTest_getMonthOfNextDay" time="0.007"/>
  <testcase name="testGetMonthOfNextDay[7] on testGetMonthOfNextDay[7](junit.ComputeDateTest_getMonthOfNextDay)" classname="junit.ComputeDateTest_getMonthOfNextDay" time="0.002"/>
  <testcase name="testGetMonthOfNextDay[8] on testGetMonthOfNextDay[8](junit.ComputeDateTest_getMonthOfNextDay)" classname="junit.ComputeDateTest_getMonthOfNextDay" time="0.002"/>
  <testcase name="testGetMonthOfNextDay[9] on testGetMonthOfNextDay[9](junit.ComputeDateTest_getMonthOfNextDay)" classname="junit.ComputeDateTest_getMonthOfNextDay" time="0.001"/>
  <testcase name="testGetMonthOfNextDay[10] on testGetMonthOfNextDay[10](junit.ComputeDateTest_getMonthOfNextDay)" classname="junit.ComputeDateTest_getMonthOfNextDay" time="0.001"/>
  <testcase name="testGetMonthOfNextDay[11] on testGetMonthOfNextDay[11](junit.ComputeDateTest_getMonthOfNextDay)" classname="junit.ComputeDateTest_getMonthOfNextDay" time="0.002"/>
  <testcase name="testGetMonthOfNextDay[12] on testGetMonthOfNextDay[12](junit.ComputeDateTest_getMonthOfNextDay)" classname="junit.ComputeDateTest_getMonthOfNextDay" time="0.002"/>
  <testcase name="testGetMonthOfNextDay[13] on testGetMonthOfNextDay[13](junit.ComputeDateTest_getMonthOfNextDay)" classname="junit.ComputeDateTest_getMonthOfNextDay" time="0.004"/>
  <testcase name="testGetMonthOfNextDay[14] on testGetMonthOfNextDay[14](junit.ComputeDateTest_getMonthOfNextDay)" classname="junit.ComputeDateTest_getMonthOfNextDay" time="0.003"/>
  <testcase name="testGetMonthOfNextDay[15] on testGetMonthOfNextDay[15](junit.ComputeDateTest_getMonthOfNextDay)" classname="junit.ComputeDateTest_getMonthOfNextDay" time="0.003"/>
  <testcase name="testGetMonthOfNextDay[16] on testGetMonthOfNextDay[16](junit.ComputeDateTest_getMonthOfNextDay)" classname="junit.ComputeDateTest_getMonthOfNextDay" time="0.003"/>
  <testcase name="testGetMonthOfNextDay[17] on testGetMonthOfNextDay[17](junit.ComputeDateTest_getMonthOfNextDay)" classname="junit.ComputeDateTest_getMonthOfNextDay" time="0"/>
  <testcase name="testGetMonthOfNextDay[18] on testGetMonthOfNextDay[18](junit.ComputeDateTest_getMonthOfNextDay)" classname="junit.ComputeDateTest_getMonthOfNextDay" time="0"/>
  <testcase name="testGetMonthOfNextDay[19] on testGetMonthOfNextDay[19](junit.ComputeDateTest_getMonthOfNextDay)" classname="junit.ComputeDateTest_getMonthOfNextDay" time="0.005"/>
  <testcase name="testGetMonthOfNextDay[20] on testGetMonthOfNextDay[20](junit.ComputeDateTest_getMonthOfNextDay)" classname="junit.ComputeDateTest_getMonthOfNextDay" time="0"/>
  <testcase name="testGetMonthOfNextDay[21] on testGetMonthOfNextDay[21](junit.ComputeDateTest_getMonthOfNextDay)" classname="junit.ComputeDateTest_getMonthOfNextDay" time="0.002"/>
  <testcase name="testGetMonthOfNextDay[22] on testGetMonthOfNextDay[22](junit.ComputeDateTest_getMonthOfNextDay)" classname="junit.ComputeDateTest_getMonthOfNextDay" time="0.002"/>
  <testcase name="testGetMonthOfNextDay[23] on testGetMonthOfNextDay[23](junit.ComputeDateTest_getMonthOfNextDay)" classname="junit.ComputeDateTest_getMonthOfNextDay" time="0.002"/>
  <testcase name="testGetMonthOfNextDay[24] on testGetMonthOfNextDay[24](junit.ComputeDateTest_getMonthOfNextDay)" classname="junit.ComputeDateTest_getMonthOfNextDay" time="0.015"/>
  <testcase name="testGetMonthOfNextDay[25] on testGetMonthOfNextDay[25](junit.ComputeDateTest_getMonthOfNextDay)" classname="junit.ComputeDateTest_getMonthOfNextDay" time="0.012"/>
  <testcase name="testGetMonthOfNextDay[26] on testGetMonthOfNextDay[26](junit.ComputeDateTest_getMonthOfNextDay)" classname="junit.ComputeDateTest_getMonthOfNextDay" time="0.001"/>
  <testcase name="testGetMonthOfNextDay[27] on testGetMonthOfNextDay[27](junit.ComputeDateTest_getMonthOfNextDay)" classname="junit.ComputeDateTest_getMonthOfNextDay" time="0.001"/>
  <testcase name="testGetMonthOfNextDay[28] on testGetMonthOfNextDay[28](junit.ComputeDateTest_getMonthOfNextDay)" classname="junit.ComputeDateTest_getMonthOfNextDay" time="0.001"/>
  <testcase name="testGetMonthOfNextDay[29] on testGetMonthOfNextDay[29](junit.ComputeDateTest_getMonthOfNextDay)" classname="junit.ComputeDateTest_getMonthOfNextDay" time="0"/>
  <testcase name="testGetMonthOfNextDay[30] on testGetMonthOfNextDay[30](junit.ComputeDateTest_getMonthOfNextDay)" classname="junit.ComputeDateTest_getMonthOfNextDay" time="0"/>
  <testcase name="testGetMonthOfNextDay[31] on testGetMonthOfNextDay[31](junit.ComputeDateTest_getMonthOfNextDay)" classname="junit.ComputeDateTest_getMonthOfNextDay" time="0.001"/>
  <testcase name="testGetMonthOfNextDay[32] on testGetMonthOfNextDay[32](junit.ComputeDateTest_getMonthOfNextDay)" classname="junit.ComputeDateTest_getMonthOfNextDay" time="0.001"/>
  <testcase name="testGetMonthOfNextDay[33] on testGetMonthOfNextDay[33](junit.ComputeDateTest_getMonthOfNextDay)" classname="junit.ComputeDateTest_getMonthOfNextDay" time="0.002"/>
  <testcase name="testGetMonthOfNextDay[34] on testGetMonthOfNextDay[34](junit.ComputeDateTest_getMonthOfNextDay)" classname="junit.ComputeDateTest_getMonthOfNextDay" time="0.003"/>
  <testcase name="testGetMonthOfNextDay[35] on testGetMonthOfNextDay[35](junit.ComputeDateTest_getMonthOfNextDay)" classname="junit.ComputeDateTest_getMonthOfNextDay" time="0.003"/>
  <testcase name="testGetMonthOfNextDay[36] on testGetMonthOfNextDay[36](junit.ComputeDateTest_getMonthOfNextDay)" classname="junit.ComputeDateTest_getMonthOfNextDay" time="0.006"/>
  <testcase name="testGetMonthOfNextDay[37] on testGetMonthOfNextDay[37](junit.ComputeDateTest_getMonthOfNextDay)" classname="junit.ComputeDateTest_getMonthOfNextDay" time="0"/>
  <testcase name="testGetMonthOfNextDay[38] on testGetMonthOfNextDay[38](junit.ComputeDateTest_getMonthOfNextDay)" classname="junit.ComputeDateTest_getMonthOfNextDay" time="0.001"/>
  <testcase name="testGetMonthOfNextDay[39] on testGetMonthOfNextDay[39](junit.ComputeDateTest_getMonthOfNextDay)" classname="junit.ComputeDateTest_getMonthOfNextDay" time="0.001"/>
  <testcase name="testGetMonthOfNextDay[40] on testGetMonthOfNextDay[40](junit.ComputeDateTest_getMonthOfNextDay)" classname="junit.ComputeDateTest_getMonthOfNextDay" time="0"/>
  <testcase name="testGetMonthOfNextDay[41] on testGetMonthOfNextDay[41](junit.ComputeDateTest_getMonthOfNextDay)" classname="junit.ComputeDateTest_getMonthOfNextDay" time="0.001"/>
</testsuite>