<?xml version="1.0" encoding="UTF-8"?>
<testsuite name="TestSuite" time="2.979" tests="53" errors="0" skipped="0" failures="1">
  <properties>
    <property name="java.runtime.name" value="Java(TM) SE Runtime Environment"/>
    <property name="sun.boot.library.path" value="C:\Program Files\Java\jdk1.8.0_191\jre\bin"/>
    <property name="java.vm.version" value="25.191-b12"/>
    <property name="java.vm.vendor" value="Oracle Corporation"/>
    <property name="maven.multiModuleProjectDirectory" value="C:\Users\chantungyee\Desktop\osgi\HelloAST"/>
    <property name="java.vendor.url" value="http://java.oracle.com/"/>
    <property name="path.separator" value=";"/>
    <property name="guice.disable.misplaced.annotation.check" value="true"/>
    <property name="java.vm.name" value="Java HotSpot(TM) 64-Bit Server VM"/>
    <property name="file.encoding.pkg" value="sun.io"/>
    <property name="user.script" value=""/>
    <property name="user.country" value="CN"/>
    <property name="sun.java.launcher" value="SUN_STANDARD"/>
    <property name="sun.os.patch.level" value=""/>
    <property name="java.vm.specification.name" value="Java Virtual Machine Specification"/>
    <property name="user.dir" value="C:\Users\chantungyee\Desktop\osgi\HelloAST"/>
    <property name="java.runtime.version" value="1.8.0_191-b12"/>
    <property name="java.awt.graphicsenv" value="sun.awt.Win32GraphicsEnvironment"/>
    <property name="java.endorsed.dirs" value="C:\Program Files\Java\jdk1.8.0_191\jre\lib\endorsed"/>
    <property name="os.arch" value="amd64"/>
    <property name="java.io.tmpdir" value="C:\Users\CHANTU~1\AppData\Local\Temp\"/>
    <property name="line.separator" value="&#10;"/>
    <property name="java.vm.specification.vendor" value="Oracle Corporation"/>
    <property name="user.variant" value=""/>
    <property name="os.name" value="Windows 10"/>
    <property name="classworlds.conf" value="C:\Users\chantungyee\Desktop\osgi\.metadata\.plugins\org.eclipse.m2e.launching\launches\m2conf6050058444953439177.tmp"/>
    <property name="sun.jnu.encoding" value="GBK"/>
    <property name="java.library.path" value="C:\Program Files\Java\jdk1.8.0_191\bin;C:\WINDOWS\Sun\Java\bin;C:\WINDOWS\system32;C:\WINDOWS;C:/Program Files/Java/jdk1.8.0_191/bin/../jre/bin/server;C:/Program Files/Java/jdk1.8.0_191/bin/../jre/bin;C:/Program Files/Java/jdk1.8.0_191/bin/../jre/lib/amd64;C:\WINDOWS\system32;C:\WINDOWS;C:\WINDOWS\System32\Wbem;C:\WINDOWS\System32\WindowsPowerShell\v1.0\;C:\WINDOWS\System32\OpenSSH\;C:\Program Files\Git\cmd;C:\Program Files\nodejs\;C:\Python27;C:\Python27\Scripts;C:\Program Files\Java\jdk1.8.0_191\bin;D:\BigData\hadoop-2.7.6\bin;C:\Program Files (x86)\scala\bin;C:\TestingWhiz Enterprise Edition\plugins\com.cygnet.autotest_6.2.0\libs;C:\Users\chantungyee\AppData\Local\Programs\Python\Python37\Scripts\;C:\Users\chantungyee\AppData\Local\Programs\Python\Python37\;C:\Users\chantungyee\AppData\Local\Microsoft\WindowsApps;C:\Users\chantungyee\AppData\Roaming\npm;C:\Users\chantungyee\AppData\Local\Programs\Microsoft VS Code\bin;D:\BigData\spark-2.4.0-bin-hadoop2.7\bin;D:\BigData\spark-2.4.0-bin-hadoop2.7\sbin;C:\Program Files\Java\jdk1.8.0_191\bin;D:\apache-ant-1.10.5\bin;D:\apache-maven-3.6.0\bin;;C:\WINDOWS\system32;;."/>
    <property name="java.specification.name" value="Java Platform API Specification"/>
    <property name="java.class.version" value="52.0"/>
    <property name="sun.management.compiler" value="HotSpot 64-Bit Tiered Compilers"/>
    <property name="os.version" value="10.0"/>
    <property name="user.home" value="C:\Users\chantungyee"/>
    <property name="user.timezone" value="Asia/Shanghai"/>
    <property name="java.awt.printerjob" value="sun.awt.windows.WPrinterJob"/>
    <property name="java.specification.version" value="1.8"/>
    <property name="file.encoding" value="GBK"/>
    <property name="user.name" value="chantungyee"/>
    <property name="java.class.path" value="D:\apache-maven-3.6.0\boot\plexus-classworlds-2.5.2.jar"/>
    <property name="java.vm.specification.version" value="1.8"/>
    <property name="sun.arch.data.model" value="64"/>
    <property name="java.home" value="C:\Program Files\Java\jdk1.8.0_191\jre"/>
    <property name="sun.java.command" value="org.codehaus.plexus.classworlds.launcher.Launcher -B -gs D:\apache-maven-3.6.0\conf\settings.xml test"/>
    <property name="java.specification.vendor" value="Oracle Corporation"/>
    <property name="user.language" value="zh"/>
    <property name="awt.toolkit" value="sun.awt.windows.WToolkit"/>
    <property name="java.vm.info" value="mixed mode"/>
    <property name="java.version" value="1.8.0_191"/>
    <property name="java.ext.dirs" value="C:\Program Files\Java\jdk1.8.0_191\jre\lib\ext;C:\WINDOWS\Sun\Java\lib\ext"/>
    <property name="sun.boot.class.path" value="C:\Program Files\Java\jdk1.8.0_191\jre\lib\resources.jar;C:\Program Files\Java\jdk1.8.0_191\jre\lib\rt.jar;C:\Program Files\Java\jdk1.8.0_191\jre\lib\sunrsasign.jar;C:\Program Files\Java\jdk1.8.0_191\jre\lib\jsse.jar;C:\Program Files\Java\jdk1.8.0_191\jre\lib\jce.jar;C:\Program Files\Java\jdk1.8.0_191\jre\lib\charsets.jar;C:\Program Files\Java\jdk1.8.0_191\jre\lib\jfr.jar;C:\Program Files\Java\jdk1.8.0_191\jre\classes"/>
    <property name="java.vendor" value="Oracle Corporation"/>
    <property name="maven.home" value="D:\apache-maven-3.6.0"/>
    <property name="file.separator" value="\"/>
    <property name="java.vendor.url.bug" value="http://bugreport.sun.com/bugreport/"/>
    <property name="sun.cpu.endian" value="little"/>
    <property name="sun.io.unicode.encoding" value="UnicodeLittle"/>
    <property name="sun.desktop" value="windows"/>
    <property name="sun.cpu.isalist" value="amd64"/>
  </properties>
  <testcase name="testEasy" classname="testng.NewTest" time="2.711">
    <failure message="expected [true] but found [false]" type="java.lang.AssertionError">java.lang.AssertionError: expected [true] but found [false]
	at org.testng.Assert.fail(Assert.java:94)
	at org.testng.Assert.failNotEquals(Assert.java:496)
	at org.testng.Assert.assertTrue(Assert.java:42)
	at org.testng.Assert.assertTrue(Assert.java:52)
	at testng.NewTest.testEasy(NewTest.java:17)
</failure>
    <system-out><![CDATA[Configuring TestNG with: TestNG652Configurator
19:51:49.166 [Forwarding newSession on session null to remote] DEBUG org.apache.http.client.protocol.RequestAddCookies - CookieSpec selected: default
19:51:49.175 [Forwarding newSession on session null to remote] DEBUG org.apache.http.client.protocol.RequestAuthCache - Auth cache not set in the context
19:51:49.176 [Forwarding newSession on session null to remote] DEBUG org.apache.http.impl.conn.PoolingHttpClientConnectionManager - Connection request: [route: {}->http://localhost:34949][total kept alive: 0; route allocated: 0 of 2000; total allocated: 0 of 2000]
19:51:49.187 [Forwarding newSession on session null to remote] DEBUG org.apache.http.impl.conn.PoolingHttpClientConnectionManager - Connection leased: [id: 0][route: {}->http://localhost:34949][total kept alive: 0; route allocated: 1 of 2000; total allocated: 1 of 2000]
19:51:49.188 [Forwarding newSession on session null to remote] DEBUG org.apache.http.impl.execchain.MainClientExec - Opening connection {}->http://localhost:34949
19:51:49.189 [Forwarding newSession on session null to remote] DEBUG org.apache.http.impl.conn.DefaultHttpClientConnectionOperator - Connecting to localhost/127.0.0.1:34949
19:51:49.190 [Forwarding newSession on session null to remote] DEBUG org.apache.http.impl.conn.DefaultHttpClientConnectionOperator - Connection established 127.0.0.1:53832<->127.0.0.1:34949
19:51:49.190 [Forwarding newSession on session null to remote] DEBUG org.apache.http.impl.conn.DefaultManagedHttpClientConnection - http-outgoing-0: set socket timeout to 10800000
19:51:49.190 [Forwarding newSession on session null to remote] DEBUG org.apache.http.impl.execchain.MainClientExec - Executing request POST /session HTTP/1.1
19:51:49.190 [Forwarding newSession on session null to remote] DEBUG org.apache.http.impl.execchain.MainClientExec - Target auth state: UNCHALLENGED
19:51:49.191 [Forwarding newSession on session null to remote] DEBUG org.apache.http.impl.execchain.MainClientExec - Proxy auth state: UNCHALLENGED
19:51:49.192 [Forwarding newSession on session null to remote] DEBUG org.apache.http.headers - http-outgoing-0 >> POST /session HTTP/1.1
19:51:49.192 [Forwarding newSession on session null to remote] DEBUG org.apache.http.headers - http-outgoing-0 >> Content-Type: application/json; charset=utf-8
19:51:49.192 [Forwarding newSession on session null to remote] DEBUG org.apache.http.headers - http-outgoing-0 >> Content-Length: 122
19:51:49.192 [Forwarding newSession on session null to remote] DEBUG org.apache.http.headers - http-outgoing-0 >> Host: localhost:34949
19:51:49.192 [Forwarding newSession on session null to remote] DEBUG org.apache.http.headers - http-outgoing-0 >> Connection: Keep-Alive
19:51:49.192 [Forwarding newSession on session null to remote] DEBUG org.apache.http.headers - http-outgoing-0 >> User-Agent: Apache-HttpClient/4.5.2 (Java/1.8.0_191)
19:51:49.192 [Forwarding newSession on session null to remote] DEBUG org.apache.http.headers - http-outgoing-0 >> Accept-Encoding: gzip,deflate
19:51:49.192 [Forwarding newSession on session null to remote] DEBUG org.apache.http.wire - http-outgoing-0 >> "POST /session HTTP/1.1[\r][\n]"
19:51:49.192 [Forwarding newSession on session null to remote] DEBUG org.apache.http.wire - http-outgoing-0 >> "Content-Type: application/json; charset=utf-8[\r][\n]"
19:51:49.192 [Forwarding newSession on session null to remote] DEBUG org.apache.http.wire - http-outgoing-0 >> "Content-Length: 122[\r][\n]"
19:51:49.192 [Forwarding newSession on session null to remote] DEBUG org.apache.http.wire - http-outgoing-0 >> "Host: localhost:34949[\r][\n]"
19:51:49.192 [Forwarding newSession on session null to remote] DEBUG org.apache.http.wire - http-outgoing-0 >> "Connection: Keep-Alive[\r][\n]"
19:51:49.192 [Forwarding newSession on session null to remote] DEBUG org.apache.http.wire - http-outgoing-0 >> "User-Agent: Apache-HttpClient/4.5.2 (Java/1.8.0_191)[\r][\n]"
19:51:49.192 [Forwarding newSession on session null to remote] DEBUG org.apache.http.wire - http-outgoing-0 >> "Accept-Encoding: gzip,deflate[\r][\n]"
19:51:49.192 [Forwarding newSession on session null to remote] DEBUG org.apache.http.wire - http-outgoing-0 >> "[\r][\n]"
19:51:49.192 [Forwarding newSession on session null to remote] DEBUG org.apache.http.wire - http-outgoing-0 >> "{"desiredCapabilities":{"browserName":"chrome","chromeOptions":{"args":[],"extensions":[]},"version":"","platform":"ANY"}}"
19:51:50.810 [Forwarding newSession on session null to remote] DEBUG org.apache.http.wire - http-outgoing-0 << "HTTP/1.1 200 OK[\r][\n]"
19:51:50.810 [Forwarding newSession on session null to remote] DEBUG org.apache.http.wire - http-outgoing-0 << "Content-Length:998[\r][\n]"
19:51:50.810 [Forwarding newSession on session null to remote] DEBUG org.apache.http.wire - http-outgoing-0 << "Content-Type:application/json; charset=utf-8[\r][\n]"
19:51:50.810 [Forwarding newSession on session null to remote] DEBUG org.apache.http.wire - http-outgoing-0 << "[\r][\n]"
19:51:50.810 [Forwarding newSession on session null to remote] DEBUG org.apache.http.wire - http-outgoing-0 << "{"sessionId":"42e0be6f97c0d9b649bf2573f1635889","status":0,"value":{"acceptInsecureCerts":false,"acceptSslCerts":false,"applicationCacheEnabled":false,"browserConnectionEnabled":false,"browserName":"chrome","chrome":{"chromedriverVersion":"2.45.615291 (ec3682e3c9061c10f26ea9e5cdcf3c53f3f74387)","userDataDir":"C:\\Users\\CHANTU~1\\AppData\\Local\\Temp\\scoped_dir21704_77"},"cssSelectorsEnabled":true,"databaseEnabled":false,"goog:chromeOptions":{"debuggerAddress":"localhost:53833"},"handlesAlerts":true,"hasTouchScreen":false,"javascriptEnabled":true,"locationContextEnabled":true,"mobileEmulationEnabled":false,"nativeEvents":true,"networkConnectionEnabled":false,"pageLoadStrategy":"normal","platform":"Windows NT","proxy":{},"rotatable":false,"setWindowRect":true,"strictFileInteractability":false,"takesHeapSnapshot":true,"takesScreenshot":true,"timeouts":{"implicit":0,"pageLoad":300000,"script":30000},"unexpectedAlertBehaviour":"ignore","version":"71.0.3578.98","webStorageEnabled":true}}"
19:51:50.812 [Forwarding newSession on session null to remote] DEBUG org.apache.http.headers - http-outgoing-0 << HTTP/1.1 200 OK
19:51:50.812 [Forwarding newSession on session null to remote] DEBUG org.apache.http.headers - http-outgoing-0 << Content-Length:998
19:51:50.812 [Forwarding newSession on session null to remote] DEBUG org.apache.http.headers - http-outgoing-0 << Content-Type:application/json; charset=utf-8
19:51:50.816 [Forwarding newSession on session null to remote] DEBUG org.apache.http.impl.execchain.MainClientExec - Connection can be kept alive indefinitely
19:51:50.820 [Forwarding newSession on session null to remote] DEBUG org.apache.http.impl.conn.PoolingHttpClientConnectionManager - Connection [id: 0][route: {}->http://localhost:34949] can be kept alive indefinitely
19:51:50.820 [Forwarding newSession on session null to remote] DEBUG org.apache.http.impl.conn.PoolingHttpClientConnectionManager - Connection released: [id: 0][route: {}->http://localhost:34949][total kept alive: 1; route allocated: 1 of 2000; total allocated: 1 of 2000]
19:51:50.832 [Forwarding get on session 42e0be6f97c0d9b649bf2573f1635889 to remote] DEBUG org.apache.http.client.protocol.RequestAddCookies - CookieSpec selected: default
19:51:50.832 [Forwarding get on session 42e0be6f97c0d9b649bf2573f1635889 to remote] DEBUG org.apache.http.client.protocol.RequestAuthCache - Auth cache not set in the context
19:51:50.832 [Forwarding get on session 42e0be6f97c0d9b649bf2573f1635889 to remote] DEBUG org.apache.http.impl.conn.PoolingHttpClientConnectionManager - Connection request: [route: {}->http://localhost:34949][total kept alive: 1; route allocated: 1 of 2000; total allocated: 1 of 2000]
19:51:50.832 [Forwarding get on session 42e0be6f97c0d9b649bf2573f1635889 to remote] DEBUG org.apache.http.impl.conn.PoolingHttpClientConnectionManager - Connection leased: [id: 0][route: {}->http://localhost:34949][total kept alive: 0; route allocated: 1 of 2000; total allocated: 1 of 2000]
19:51:50.832 [Forwarding get on session 42e0be6f97c0d9b649bf2573f1635889 to remote] DEBUG org.apache.http.impl.execchain.MainClientExec - Stale connection check
19:51:50.834 [Forwarding get on session 42e0be6f97c0d9b649bf2573f1635889 to remote] DEBUG org.apache.http.wire - http-outgoing-0 << "[read] I/O error: Read timed out"
19:51:50.834 [Forwarding get on session 42e0be6f97c0d9b649bf2573f1635889 to remote] DEBUG org.apache.http.impl.conn.DefaultManagedHttpClientConnection - http-outgoing-0: set socket timeout to 10800000
19:51:50.834 [Forwarding get on session 42e0be6f97c0d9b649bf2573f1635889 to remote] DEBUG org.apache.http.impl.execchain.MainClientExec - Executing request POST /session/42e0be6f97c0d9b649bf2573f1635889/url HTTP/1.1
19:51:50.834 [Forwarding get on session 42e0be6f97c0d9b649bf2573f1635889 to remote] DEBUG org.apache.http.impl.execchain.MainClientExec - Target auth state: UNCHALLENGED
19:51:50.834 [Forwarding get on session 42e0be6f97c0d9b649bf2573f1635889 to remote] DEBUG org.apache.http.impl.execchain.MainClientExec - Proxy auth state: UNCHALLENGED
19:51:50.834 [Forwarding get on session 42e0be6f97c0d9b649bf2573f1635889 to remote] DEBUG org.apache.http.headers - http-outgoing-0 >> POST /session/42e0be6f97c0d9b649bf2573f1635889/url HTTP/1.1
19:51:50.834 [Forwarding get on session 42e0be6f97c0d9b649bf2573f1635889 to remote] DEBUG org.apache.http.headers - http-outgoing-0 >> Content-Type: application/json; charset=utf-8
19:51:50.834 [Forwarding get on session 42e0be6f97c0d9b649bf2573f1635889 to remote] DEBUG org.apache.http.headers - http-outgoing-0 >> Content-Length: 32
19:51:50.834 [Forwarding get on session 42e0be6f97c0d9b649bf2573f1635889 to remote] DEBUG org.apache.http.headers - http-outgoing-0 >> Host: localhost:34949
19:51:50.834 [Forwarding get on session 42e0be6f97c0d9b649bf2573f1635889 to remote] DEBUG org.apache.http.headers - http-outgoing-0 >> Connection: Keep-Alive
19:51:50.834 [Forwarding get on session 42e0be6f97c0d9b649bf2573f1635889 to remote] DEBUG org.apache.http.headers - http-outgoing-0 >> User-Agent: Apache-HttpClient/4.5.2 (Java/1.8.0_191)
19:51:50.834 [Forwarding get on session 42e0be6f97c0d9b649bf2573f1635889 to remote] DEBUG org.apache.http.headers - http-outgoing-0 >> Accept-Encoding: gzip,deflate
19:51:50.834 [Forwarding get on session 42e0be6f97c0d9b649bf2573f1635889 to remote] DEBUG org.apache.http.wire - http-outgoing-0 >> "POST /session/42e0be6f97c0d9b649bf2573f1635889/url HTTP/1.1[\r][\n]"
19:51:50.834 [Forwarding get on session 42e0be6f97c0d9b649bf2573f1635889 to remote] DEBUG org.apache.http.wire - http-outgoing-0 >> "Content-Type: application/json; charset=utf-8[\r][\n]"
19:51:50.834 [Forwarding get on session 42e0be6f97c0d9b649bf2573f1635889 to remote] DEBUG org.apache.http.wire - http-outgoing-0 >> "Content-Length: 32[\r][\n]"
19:51:50.834 [Forwarding get on session 42e0be6f97c0d9b649bf2573f1635889 to remote] DEBUG org.apache.http.wire - http-outgoing-0 >> "Host: localhost:34949[\r][\n]"
19:51:50.834 [Forwarding get on session 42e0be6f97c0d9b649bf2573f1635889 to remote] DEBUG org.apache.http.wire - http-outgoing-0 >> "Connection: Keep-Alive[\r][\n]"
19:51:50.834 [Forwarding get on session 42e0be6f97c0d9b649bf2573f1635889 to remote] DEBUG org.apache.http.wire - http-outgoing-0 >> "User-Agent: Apache-HttpClient/4.5.2 (Java/1.8.0_191)[\r][\n]"
19:51:50.834 [Forwarding get on session 42e0be6f97c0d9b649bf2573f1635889 to remote] DEBUG org.apache.http.wire - http-outgoing-0 >> "Accept-Encoding: gzip,deflate[\r][\n]"
19:51:50.834 [Forwarding get on session 42e0be6f97c0d9b649bf2573f1635889 to remote] DEBUG org.apache.http.wire - http-outgoing-0 >> "[\r][\n]"
19:51:50.834 [Forwarding get on session 42e0be6f97c0d9b649bf2573f1635889 to remote] DEBUG org.apache.http.wire - http-outgoing-0 >> "{"url":"https://www.baidu.com/"}"
19:51:53.502 [Forwarding get on session 42e0be6f97c0d9b649bf2573f1635889 to remote] DEBUG org.apache.http.wire - http-outgoing-0 << "HTTP/1.1 200 OK[\r][\n]"
19:51:53.503 [Forwarding get on session 42e0be6f97c0d9b649bf2573f1635889 to remote] DEBUG org.apache.http.wire - http-outgoing-0 << "Content-Length:72[\r][\n]"
19:51:53.503 [Forwarding get on session 42e0be6f97c0d9b649bf2573f1635889 to remote] DEBUG org.apache.http.wire - http-outgoing-0 << "Content-Type:application/json; charset=utf-8[\r][\n]"
19:51:53.503 [Forwarding get on session 42e0be6f97c0d9b649bf2573f1635889 to remote] DEBUG org.apache.http.wire - http-outgoing-0 << "[\r][\n]"
19:51:53.503 [Forwarding get on session 42e0be6f97c0d9b649bf2573f1635889 to remote] DEBUG org.apache.http.wire - http-outgoing-0 << "{"sessionId":"42e0be6f97c0d9b649bf2573f1635889","status":0,"value":null}"
19:51:53.503 [Forwarding get on session 42e0be6f97c0d9b649bf2573f1635889 to remote] DEBUG org.apache.http.headers - http-outgoing-0 << HTTP/1.1 200 OK
19:51:53.503 [Forwarding get on session 42e0be6f97c0d9b649bf2573f1635889 to remote] DEBUG org.apache.http.headers - http-outgoing-0 << Content-Length:72
19:51:53.503 [Forwarding get on session 42e0be6f97c0d9b649bf2573f1635889 to remote] DEBUG org.apache.http.headers - http-outgoing-0 << Content-Type:application/json; charset=utf-8
19:51:53.503 [Forwarding get on session 42e0be6f97c0d9b649bf2573f1635889 to remote] DEBUG org.apache.http.impl.execchain.MainClientExec - Connection can be kept alive indefinitely
19:51:53.504 [Forwarding get on session 42e0be6f97c0d9b649bf2573f1635889 to remote] DEBUG org.apache.http.impl.conn.PoolingHttpClientConnectionManager - Connection [id: 0][route: {}->http://localhost:34949] can be kept alive indefinitely
19:51:53.504 [Forwarding get on session 42e0be6f97c0d9b649bf2573f1635889 to remote] DEBUG org.apache.http.impl.conn.PoolingHttpClientConnectionManager - Connection released: [id: 0][route: {}->http://localhost:34949][total kept alive: 1; route allocated: 1 of 2000; total allocated: 1 of 2000]
19:51:53.507 [Forwarding getTitle on session 42e0be6f97c0d9b649bf2573f1635889 to remote] DEBUG org.apache.http.client.protocol.RequestAddCookies - CookieSpec selected: default
19:51:53.507 [Forwarding getTitle on session 42e0be6f97c0d9b649bf2573f1635889 to remote] DEBUG org.apache.http.client.protocol.RequestAuthCache - Auth cache not set in the context
19:51:53.507 [Forwarding getTitle on session 42e0be6f97c0d9b649bf2573f1635889 to remote] DEBUG org.apache.http.impl.conn.PoolingHttpClientConnectionManager - Connection request: [route: {}->http://localhost:34949][total kept alive: 1; route allocated: 1 of 2000; total allocated: 1 of 2000]
19:51:53.512 [Forwarding getTitle on session 42e0be6f97c0d9b649bf2573f1635889 to remote] DEBUG org.apache.http.impl.conn.PoolingHttpClientConnectionManager - Connection leased: [id: 0][route: {}->http://localhost:34949][total kept alive: 0; route allocated: 1 of 2000; total allocated: 1 of 2000]
19:51:53.512 [Forwarding getTitle on session 42e0be6f97c0d9b649bf2573f1635889 to remote] DEBUG org.apache.http.impl.execchain.MainClientExec - Stale connection check
19:51:53.516 [Forwarding getTitle on session 42e0be6f97c0d9b649bf2573f1635889 to remote] DEBUG org.apache.http.wire - http-outgoing-0 << "[read] I/O error: Read timed out"
19:51:53.516 [Forwarding getTitle on session 42e0be6f97c0d9b649bf2573f1635889 to remote] DEBUG org.apache.http.impl.conn.DefaultManagedHttpClientConnection - http-outgoing-0: set socket timeout to 10800000
19:51:53.516 [Forwarding getTitle on session 42e0be6f97c0d9b649bf2573f1635889 to remote] DEBUG org.apache.http.impl.execchain.MainClientExec - Executing request GET /session/42e0be6f97c0d9b649bf2573f1635889/title HTTP/1.1
19:51:53.516 [Forwarding getTitle on session 42e0be6f97c0d9b649bf2573f1635889 to remote] DEBUG org.apache.http.impl.execchain.MainClientExec - Target auth state: UNCHALLENGED
19:51:53.516 [Forwarding getTitle on session 42e0be6f97c0d9b649bf2573f1635889 to remote] DEBUG org.apache.http.impl.execchain.MainClientExec - Proxy auth state: UNCHALLENGED
19:51:53.516 [Forwarding getTitle on session 42e0be6f97c0d9b649bf2573f1635889 to remote] DEBUG org.apache.http.headers - http-outgoing-0 >> GET /session/42e0be6f97c0d9b649bf2573f1635889/title HTTP/1.1
19:51:53.516 [Forwarding getTitle on session 42e0be6f97c0d9b649bf2573f1635889 to remote] DEBUG org.apache.http.headers - http-outgoing-0 >> Cache-Control: no-cache
19:51:53.517 [Forwarding getTitle on session 42e0be6f97c0d9b649bf2573f1635889 to remote] DEBUG org.apache.http.headers - http-outgoing-0 >> Host: localhost:34949
19:51:53.517 [Forwarding getTitle on session 42e0be6f97c0d9b649bf2573f1635889 to remote] DEBUG org.apache.http.headers - http-outgoing-0 >> Connection: Keep-Alive
19:51:53.517 [Forwarding getTitle on session 42e0be6f97c0d9b649bf2573f1635889 to remote] DEBUG org.apache.http.headers - http-outgoing-0 >> User-Agent: Apache-HttpClient/4.5.2 (Java/1.8.0_191)
19:51:53.517 [Forwarding getTitle on session 42e0be6f97c0d9b649bf2573f1635889 to remote] DEBUG org.apache.http.headers - http-outgoing-0 >> Accept-Encoding: gzip,deflate
19:51:53.517 [Forwarding getTitle on session 42e0be6f97c0d9b649bf2573f1635889 to remote] DEBUG org.apache.http.wire - http-outgoing-0 >> "GET /session/42e0be6f97c0d9b649bf2573f1635889/title HTTP/1.1[\r][\n]"
19:51:53.517 [Forwarding getTitle on session 42e0be6f97c0d9b649bf2573f1635889 to remote] DEBUG org.apache.http.wire - http-outgoing-0 >> "Cache-Control: no-cache[\r][\n]"
19:51:53.517 [Forwarding getTitle on session 42e0be6f97c0d9b649bf2573f1635889 to remote] DEBUG org.apache.http.wire - http-outgoing-0 >> "Host: localhost:34949[\r][\n]"
19:51:53.517 [Forwarding getTitle on session 42e0be6f97c0d9b649bf2573f1635889 to remote] DEBUG org.apache.http.wire - http-outgoing-0 >> "Connection: Keep-Alive[\r][\n]"
19:51:53.517 [Forwarding getTitle on session 42e0be6f97c0d9b649bf2573f1635889 to remote] DEBUG org.apache.http.wire - http-outgoing-0 >> "User-Agent: Apache-HttpClient/4.5.2 (Java/1.8.0_191)[\r][\n]"
19:51:53.517 [Forwarding getTitle on session 42e0be6f97c0d9b649bf2573f1635889 to remote] DEBUG org.apache.http.wire - http-outgoing-0 >> "Accept-Encoding: gzip,deflate[\r][\n]"
19:51:53.517 [Forwarding getTitle on session 42e0be6f97c0d9b649bf2573f1635889 to remote] DEBUG org.apache.http.wire - http-outgoing-0 >> "[\r][\n]"
19:51:53.529 [Forwarding getTitle on session 42e0be6f97c0d9b649bf2573f1635889 to remote] DEBUG org.apache.http.wire - http-outgoing-0 << "HTTP/1.1 200 OK[\r][\n]"
19:51:53.529 [Forwarding getTitle on session 42e0be6f97c0d9b649bf2573f1635889 to remote] DEBUG org.apache.http.wire - http-outgoing-0 << "Content-Length:97[\r][\n]"
19:51:53.529 [Forwarding getTitle on session 42e0be6f97c0d9b649bf2573f1635889 to remote] DEBUG org.apache.http.wire - http-outgoing-0 << "Content-Type:application/json; charset=utf-8[\r][\n]"
19:51:53.529 [Forwarding getTitle on session 42e0be6f97c0d9b649bf2573f1635889 to remote] DEBUG org.apache.http.wire - http-outgoing-0 << "[\r][\n]"
19:51:53.529 [Forwarding getTitle on session 42e0be6f97c0d9b649bf2573f1635889 to remote] DEBUG org.apache.http.wire - http-outgoing-0 << "{"sessionId":"42e0be6f97c0d9b649bf2573f1635889","status":0,"value":"[0xe7][0x99][0xbe][0xe5][0xba][0xa6][0xe4][0xb8][0x80][0xe4][0xb8][0x8b][0xef][0xbc][0x8c][0xe4][0xbd][0xa0][0xe5][0xb0][0xb1][0xe7][0x9f][0xa5][0xe9][0x81][0x93]"}"
19:51:53.529 [Forwarding getTitle on session 42e0be6f97c0d9b649bf2573f1635889 to remote] DEBUG org.apache.http.headers - http-outgoing-0 << HTTP/1.1 200 OK
19:51:53.529 [Forwarding getTitle on session 42e0be6f97c0d9b649bf2573f1635889 to remote] DEBUG org.apache.http.headers - http-outgoing-0 << Content-Length:97
19:51:53.529 [Forwarding getTitle on session 42e0be6f97c0d9b649bf2573f1635889 to remote] DEBUG org.apache.http.headers - http-outgoing-0 << Content-Type:application/json; charset=utf-8
19:51:53.529 [Forwarding getTitle on session 42e0be6f97c0d9b649bf2573f1635889 to remote] DEBUG org.apache.http.impl.execchain.MainClientExec - Connection can be kept alive indefinitely
19:51:53.530 [Forwarding getTitle on session 42e0be6f97c0d9b649bf2573f1635889 to remote] DEBUG org.apache.http.impl.conn.PoolingHttpClientConnectionManager - Connection [id: 0][route: {}->http://localhost:34949] can be kept alive indefinitely
19:51:53.530 [Forwarding getTitle on session 42e0be6f97c0d9b649bf2573f1635889 to remote] DEBUG org.apache.http.impl.conn.PoolingHttpClientConnectionManager - Connection released: [id: 0][route: {}->http://localhost:34949][total kept alive: 1; route allocated: 1 of 2000; total allocated: 1 of 2000]
]]></system-out>
    <system-err><![CDATA[Starting ChromeDriver 2.45.615291 (ec3682e3c9061c10f26ea9e5cdcf3c53f3f74387) on port 34949
Only local connections are allowed.
]]></system-err>
  </testcase>
  <testcase name="testGetYearOfNextDay[0] on testGetYearOfNextDay[0](junit.ComputeDateTest)" classname="junit.ComputeDateTest" time="0.082"/>
  <testcase name="testGetYearOfNextDay[1] on testGetYearOfNextDay[1](junit.ComputeDateTest)" classname="junit.ComputeDateTest" time="0.022"/>
  <testcase name="testGetYearOfNextDay[2] on testGetYearOfNextDay[2](junit.ComputeDateTest)" classname="junit.ComputeDateTest" time="0"/>
  <testcase name="testGetYearOfNextDay[3] on testGetYearOfNextDay[3](junit.ComputeDateTest)" classname="junit.ComputeDateTest" time="0"/>
  <testcase name="testGetYearOfNextDay[4] on testGetYearOfNextDay[4](junit.ComputeDateTest)" classname="junit.ComputeDateTest" time="0.005"/>
  <testcase name="testGetYearOfNextDay[5] on testGetYearOfNextDay[5](junit.ComputeDateTest)" classname="junit.ComputeDateTest" time="0.003"/>
  <testcase name="testGetYearOfNextDay[6] on testGetYearOfNextDay[6](junit.ComputeDateTest)" classname="junit.ComputeDateTest" time="0.004"/>
  <testcase name="testGetYearOfNextDay[7] on testGetYearOfNextDay[7](junit.ComputeDateTest)" classname="junit.ComputeDateTest" time="0.005"/>
  <testcase name="testGetYearOfNextDay[8] on testGetYearOfNextDay[8](junit.ComputeDateTest)" classname="junit.ComputeDateTest" time="0.004"/>
  <testcase name="testGetYearOfNextDay[9] on testGetYearOfNextDay[9](junit.ComputeDateTest)" classname="junit.ComputeDateTest" time="0.004"/>
  <testcase name="testGetYearOfNextDay[10] on testGetYearOfNextDay[10](junit.ComputeDateTest)" classname="junit.ComputeDateTest" time="0.005"/>
  <testcase name="testGetYearOfNextDay[11] on testGetYearOfNextDay[11](junit.ComputeDateTest)" classname="junit.ComputeDateTest" time="0.004"/>
  <testcase name="testGetYearOfNextDay[12] on testGetYearOfNextDay[12](junit.ComputeDateTest)" classname="junit.ComputeDateTest" time="0.004"/>
  <testcase name="testGetYearOfNextDay[13] on testGetYearOfNextDay[13](junit.ComputeDateTest)" classname="junit.ComputeDateTest" time="0.004"/>
  <testcase name="testGetYearOfNextDay[14] on testGetYearOfNextDay[14](junit.ComputeDateTest)" classname="junit.ComputeDateTest" time="0.004"/>
  <testcase name="testGetYearOfNextDay[15] on testGetYearOfNextDay[15](junit.ComputeDateTest)" classname="junit.ComputeDateTest" time="0.019"/>
  <testcase name="testGetYearOfNextDay[16] on testGetYearOfNextDay[16](junit.ComputeDateTest)" classname="junit.ComputeDateTest" time="0.003"/>
  <testcase name="testGetYearOfNextDay[17] on testGetYearOfNextDay[17](junit.ComputeDateTest)" classname="junit.ComputeDateTest" time="0.004"/>
  <testcase name="testGetYearOfNextDay[18] on testGetYearOfNextDay[18](junit.ComputeDateTest)" classname="junit.ComputeDateTest" time="0.004"/>
  <testcase name="testGetYearOfNextDay[19] on testGetYearOfNextDay[19](junit.ComputeDateTest)" classname="junit.ComputeDateTest" time="0.004"/>
  <testcase name="testGetYearOfNextDay[20] on testGetYearOfNextDay[20](junit.ComputeDateTest)" classname="junit.ComputeDateTest" time="0.004"/>
  <testcase name="testGetYearOfNextDay[21] on testGetYearOfNextDay[21](junit.ComputeDateTest)" classname="junit.ComputeDateTest" time="0.004"/>
  <testcase name="testGetYearOfNextDay[22] on testGetYearOfNextDay[22](junit.ComputeDateTest)" classname="junit.ComputeDateTest" time="0.004"/>
  <testcase name="testGetYearOfNextDay[23] on testGetYearOfNextDay[23](junit.ComputeDateTest)" classname="junit.ComputeDateTest" time="0.005"/>
  <testcase name="testGetYearOfNextDay[24] on testGetYearOfNextDay[24](junit.ComputeDateTest)" classname="junit.ComputeDateTest" time="0.004"/>
  <testcase name="testGetYearOfNextDay[25] on testGetYearOfNextDay[25](junit.ComputeDateTest)" classname="junit.ComputeDateTest" time="0.004"/>
  <testcase name="testGetYearOfNextDay[26] on testGetYearOfNextDay[26](junit.ComputeDateTest)" classname="junit.ComputeDateTest" time="0.006"/>
  <testcase name="testGetYearOfNextDay[27] on testGetYearOfNextDay[27](junit.ComputeDateTest)" classname="junit.ComputeDateTest" time="0.004"/>
  <testcase name="testGetYearOfNextDay[28] on testGetYearOfNextDay[28](junit.ComputeDateTest)" classname="junit.ComputeDateTest" time="0.005"/>
  <testcase name="testGetYearOfNextDay[29] on testGetYearOfNextDay[29](junit.ComputeDateTest)" classname="junit.ComputeDateTest" time="0.004"/>
  <testcase name="testGetYearOfNextDay[30] on testGetYearOfNextDay[30](junit.ComputeDateTest)" classname="junit.ComputeDateTest" time="0.005"/>
  <testcase name="testGetYearOfNextDay[31] on testGetYearOfNextDay[31](junit.ComputeDateTest)" classname="junit.ComputeDateTest" time="0.004"/>
  <testcase name="testGetYearOfNextDay[32] on testGetYearOfNextDay[32](junit.ComputeDateTest)" classname="junit.ComputeDateTest" time="0.003"/>
  <testcase name="testGetYearOfNextDay[33] on testGetYearOfNextDay[33](junit.ComputeDateTest)" classname="junit.ComputeDateTest" time="0.003"/>
  <testcase name="testGetYearOfNextDay[34] on testGetYearOfNextDay[34](junit.ComputeDateTest)" classname="junit.ComputeDateTest" time="0.005"/>
  <testcase name="testGetYearOfNextDay[35] on testGetYearOfNextDay[35](junit.ComputeDateTest)" classname="junit.ComputeDateTest" time="0.003"/>
  <testcase name="testGetYearOfNextDay[36] on testGetYearOfNextDay[36](junit.ComputeDateTest)" classname="junit.ComputeDateTest" time="0.003"/>
  <testcase name="testGetYearOfNextDay[37] on testGetYearOfNextDay[37](junit.ComputeDateTest)" classname="junit.ComputeDateTest" time="0.003"/>
  <testcase name="testGetYearOfNextDay[38] on testGetYearOfNextDay[38](junit.ComputeDateTest)" classname="junit.ComputeDateTest" time="0.003"/>
  <testcase name="testGetYearOfNextDay[39] on testGetYearOfNextDay[39](junit.ComputeDateTest)" classname="junit.ComputeDateTest" time="0.002"/>
  <testcase name="testGetYearOfNextDay[40] on testGetYearOfNextDay[40](junit.ComputeDateTest)" classname="junit.ComputeDateTest" time="0.002"/>
  <testcase name="testGetYearOfNextDay[41] on testGetYearOfNextDay[41](junit.ComputeDateTest)" classname="junit.ComputeDateTest" time="0.002"/>
  <testcase name="testSetMaxDay[0] on testSetMaxDay[0](junit.ValidateTest)" classname="junit.ValidateTest" time="0.001"/>
  <testcase name="testSetMaxDay[1] on testSetMaxDay[1](junit.ValidateTest)" classname="junit.ValidateTest" time="0"/>
  <testcase name="testSetMaxDay[2] on testSetMaxDay[2](junit.ValidateTest)" classname="junit.ValidateTest" time="0"/>
  <testcase name="testSetMaxDay[3] on testSetMaxDay[3](junit.ValidateTest)" classname="junit.ValidateTest" time="0"/>
  <testcase name="testSetMaxDay[4] on testSetMaxDay[4](junit.ValidateTest)" classname="junit.ValidateTest" time="0"/>
  <testcase name="testSetMaxDay[5] on testSetMaxDay[5](junit.ValidateTest)" classname="junit.ValidateTest" time="0"/>
  <testcase name="testSetMaxDay[6] on testSetMaxDay[6](junit.ValidateTest)" classname="junit.ValidateTest" time="0"/>
  <testcase name="testSetMaxDay[7] on testSetMaxDay[7](junit.ValidateTest)" classname="junit.ValidateTest" time="0"/>
  <testcase name="testSetMaxDay[8] on testSetMaxDay[8](junit.ValidateTest)" classname="junit.ValidateTest" time="0"/>
  <testcase name="testSetMaxDay[9] on testSetMaxDay[9](junit.ValidateTest)" classname="junit.ValidateTest" time="0.001"/>
</testsuite>