<?xml version="1.0" encoding="UTF-8"?>
<!-- Generated by org.testng.reporters.JUnitReportReporter -->
<testsuite hostname="DESKTOP-ST6BNIN" name="testng.BaiduTest" tests="1" failures="0" timestamp="27 Dec 2018 09:08:35 GMT" time="1.131" errors="0">
  <testcase name="testEasy" time="1.131" classname="testng.BaiduTest"/>
</testsuite> <!-- testng.BaiduTest -->
