<?xml version="1.0" encoding="UTF-8"?>
<!-- Generated by org.testng.reporters.JUnitReportReporter -->
<testsuite hostname="DESKTOP-ST6BNIN" name="testng.NewTest" tests="1" failures="0" timestamp="26 Dec 2018 11:50:19 GMT" time="2.225" errors="0">
  <testcase name="testEasy" time="2.225" classname="testng.NewTest"/>
</testsuite> <!-- testng.NewTest -->
