<?xml version="1.0" encoding="UTF-8"?>
<!-- Generated by org.testng.reporters.JUnitReportReporter -->
<testsuite hostname="DESKTOP-ST6BNIN" name="junit.ValidateTest_testSetMaxDay" tests="10" failures="0" timestamp="28 Dec 2018 04:40:40 GMT" time="0.004" errors="0">
  <testcase name="testSetMaxDay[0]" time="0.001" classname="junit.ValidateTest_testSetMaxDay"/>
  <testcase name="testSetMaxDay[1]" time="0.000" classname="junit.ValidateTest_testSetMaxDay"/>
  <testcase name="testSetMaxDay[5]" time="0.000" classname="junit.ValidateTest_testSetMaxDay"/>
  <testcase name="testSetMaxDay[6]" time="0.000" classname="junit.ValidateTest_testSetMaxDay"/>
  <testcase name="testSetMaxDay[8]" time="0.001" classname="junit.ValidateTest_testSetMaxDay"/>
  <testcase name="testSetMaxDay[9]" time="0.000" classname="junit.ValidateTest_testSetMaxDay"/>
  <testcase name="testSetMaxDay[4]" time="0.000" classname="junit.ValidateTest_testSetMaxDay"/>
  <testcase name="testSetMaxDay[3]" time="0.000" classname="junit.ValidateTest_testSetMaxDay"/>
  <testcase name="testSetMaxDay[2]" time="0.001" classname="junit.ValidateTest_testSetMaxDay"/>
  <testcase name="testSetMaxDay[7]" time="0.001" classname="junit.ValidateTest_testSetMaxDay"/>
</testsuite> <!-- junit.ValidateTest_testSetMaxDay -->
