<?xml version="1.0" encoding="UTF-8"?>
<!-- Generated by org.testng.reporters.JUnitReportReporter -->
<testsuite hostname="DESKTOP-ST6BNIN" name="junit.ComputeDateTest_testGetDateOfNextDay" tests="35" failures="0" timestamp="28 Dec 2018 04:40:39 GMT" time="0.211" errors="0">
  <testcase name="testGetDateOfNextDay[14]" time="0.003" classname="junit.ComputeDateTest_testGetDateOfNextDay"/>
  <testcase name="testGetDateOfNextDay[12]" time="0.003" classname="junit.ComputeDateTest_testGetDateOfNextDay"/>
  <testcase name="testGetDateOfNextDay[3]" time="0.006" classname="junit.ComputeDateTest_testGetDateOfNextDay"/>
  <testcase name="testGetDateOfNextDay[8]" time="0.003" classname="junit.ComputeDateTest_testGetDateOfNextDay"/>
  <testcase name="testGetDateOfNextDay[21]" time="0.003" classname="junit.ComputeDateTest_testGetDateOfNextDay"/>
  <testcase name="testGetDateOfNextDay[16]" time="0.003" classname="junit.ComputeDateTest_testGetDateOfNextDay"/>
  <testcase name="testGetDateOfNextDay[6]" time="0.003" classname="junit.ComputeDateTest_testGetDateOfNextDay"/>
  <testcase name="testGetDateOfNextDay[7]" time="0.003" classname="junit.ComputeDateTest_testGetDateOfNextDay"/>
  <testcase name="testGetDateOfNextDay[18]" time="0.003" classname="junit.ComputeDateTest_testGetDateOfNextDay"/>
  <testcase name="testGetDateOfNextDay[11]" time="0.003" classname="junit.ComputeDateTest_testGetDateOfNextDay"/>
  <testcase name="testGetDateOfNextDay[10]" time="0.003" classname="junit.ComputeDateTest_testGetDateOfNextDay"/>
  <testcase name="testGetDateOfNextDay[15]" time="0.006" classname="junit.ComputeDateTest_testGetDateOfNextDay"/>
  <testcase name="testGetDateOfNextDay[31]" time="0.004" classname="junit.ComputeDateTest_testGetDateOfNextDay"/>
  <testcase name="testGetDateOfNextDay[23]" time="0.004" classname="junit.ComputeDateTest_testGetDateOfNextDay"/>
  <testcase name="testGetDateOfNextDay[30]" time="0.003" classname="junit.ComputeDateTest_testGetDateOfNextDay"/>
  <testcase name="testGetDateOfNextDay[5]" time="0.003" classname="junit.ComputeDateTest_testGetDateOfNextDay"/>
  <testcase name="testGetDateOfNextDay[9]" time="0.003" classname="junit.ComputeDateTest_testGetDateOfNextDay"/>
  <testcase name="testGetDateOfNextDay[17]" time="0.003" classname="junit.ComputeDateTest_testGetDateOfNextDay"/>
  <testcase name="testGetDateOfNextDay[19]" time="0.003" classname="junit.ComputeDateTest_testGetDateOfNextDay"/>
  <testcase name="testGetDateOfNextDay[28]" time="0.003" classname="junit.ComputeDateTest_testGetDateOfNextDay"/>
  <testcase name="testGetDateOfNextDay[24]" time="0.003" classname="junit.ComputeDateTest_testGetDateOfNextDay"/>
  <testcase name="testGetDateOfNextDay[22]" time="0.003" classname="junit.ComputeDateTest_testGetDateOfNextDay"/>
  <testcase name="testGetDateOfNextDay[20]" time="0.003" classname="junit.ComputeDateTest_testGetDateOfNextDay"/>
  <testcase name="testGetDateOfNextDay[34]" time="0.003" classname="junit.ComputeDateTest_testGetDateOfNextDay"/>
  <testcase name="testGetDateOfNextDay[1]" time="0.004" classname="junit.ComputeDateTest_testGetDateOfNextDay"/>
  <testcase name="testGetDateOfNextDay[29]" time="0.003" classname="junit.ComputeDateTest_testGetDateOfNextDay"/>
  <testcase name="testGetDateOfNextDay[25]" time="0.003" classname="junit.ComputeDateTest_testGetDateOfNextDay"/>
  <testcase name="testGetDateOfNextDay[26]" time="0.003" classname="junit.ComputeDateTest_testGetDateOfNextDay"/>
  <testcase name="testGetDateOfNextDay[32]" time="0.003" classname="junit.ComputeDateTest_testGetDateOfNextDay"/>
  <testcase name="testGetDateOfNextDay[27]" time="0.003" classname="junit.ComputeDateTest_testGetDateOfNextDay"/>
  <testcase name="testGetDateOfNextDay[33]" time="0.006" classname="junit.ComputeDateTest_testGetDateOfNextDay"/>
  <testcase name="testGetDateOfNextDay[0]" time="0.094" classname="junit.ComputeDateTest_testGetDateOfNextDay"/>
  <testcase name="testGetDateOfNextDay[4]" time="0.004" classname="junit.ComputeDateTest_testGetDateOfNextDay"/>
  <testcase name="testGetDateOfNextDay[2]" time="0.004" classname="junit.ComputeDateTest_testGetDateOfNextDay"/>
  <testcase name="testGetDateOfNextDay[13]" time="0.004" classname="junit.ComputeDateTest_testGetDateOfNextDay"/>
</testsuite> <!-- junit.ComputeDateTest_testGetDateOfNextDay -->
