<?xml version="1.0" encoding="UTF-8"?>
<!-- Generated by org.testng.reporters.JUnitReportReporter -->
<testsuite hostname="DESKTOP-ST6BNIN" name="junit.ComputeDateTest_testGetYearOfNextDay" tests="42" failures="0" timestamp="28 Dec 2018 04:23:54 GMT" time="0.338" errors="0">
  <testcase name="testGetYearOfNextDay[13]" time="0.008" classname="junit.ComputeDateTest_testGetYearOfNextDay"/>
  <testcase name="testGetYearOfNextDay[4]" time="0.005" classname="junit.ComputeDateTest_testGetYearOfNextDay"/>
  <testcase name="testGetYearOfNextDay[9]" time="0.007" classname="junit.ComputeDateTest_testGetYearOfNextDay"/>
  <testcase name="testGetYearOfNextDay[39]" time="0.001" classname="junit.ComputeDateTest_testGetYearOfNextDay"/>
  <testcase name="testGetYearOfNextDay[22]" time="0.004" classname="junit.ComputeDateTest_testGetYearOfNextDay"/>
  <testcase name="testGetYearOfNextDay[17]" time="0.007" classname="junit.ComputeDateTest_testGetYearOfNextDay"/>
  <testcase name="testGetYearOfNextDay[37]" time="0.001" classname="junit.ComputeDateTest_testGetYearOfNextDay"/>
  <testcase name="testGetYearOfNextDay[8]" time="0.005" classname="junit.ComputeDateTest_testGetYearOfNextDay"/>
  <testcase name="testGetYearOfNextDay[7]" time="0.013" classname="junit.ComputeDateTest_testGetYearOfNextDay"/>
  <testcase name="testGetYearOfNextDay[19]" time="0.005" classname="junit.ComputeDateTest_testGetYearOfNextDay"/>
  <testcase name="testGetYearOfNextDay[0]" time="0.109" classname="junit.ComputeDateTest_testGetYearOfNextDay"/>
  <testcase name="testGetYearOfNextDay[12]" time="0.006" classname="junit.ComputeDateTest_testGetYearOfNextDay"/>
  <testcase name="testGetYearOfNextDay[38]" time="0.001" classname="junit.ComputeDateTest_testGetYearOfNextDay"/>
  <testcase name="testGetYearOfNextDay[11]" time="0.010" classname="junit.ComputeDateTest_testGetYearOfNextDay"/>
  <testcase name="testGetYearOfNextDay[16]" time="0.004" classname="junit.ComputeDateTest_testGetYearOfNextDay"/>
  <testcase name="testGetYearOfNextDay[32]" time="0.002" classname="junit.ComputeDateTest_testGetYearOfNextDay"/>
  <testcase name="testGetYearOfNextDay[24]" time="0.002" classname="junit.ComputeDateTest_testGetYearOfNextDay"/>
  <testcase name="testGetYearOfNextDay[31]" time="0.003" classname="junit.ComputeDateTest_testGetYearOfNextDay"/>
  <testcase name="testGetYearOfNextDay[6]" time="0.008" classname="junit.ComputeDateTest_testGetYearOfNextDay"/>
  <testcase name="testGetYearOfNextDay[10]" time="0.005" classname="junit.ComputeDateTest_testGetYearOfNextDay"/>
  <testcase name="testGetYearOfNextDay[18]" time="0.004" classname="junit.ComputeDateTest_testGetYearOfNextDay"/>
  <testcase name="testGetYearOfNextDay[20]" time="0.004" classname="junit.ComputeDateTest_testGetYearOfNextDay"/>
  <testcase name="testGetYearOfNextDay[29]" time="0.002" classname="junit.ComputeDateTest_testGetYearOfNextDay"/>
  <testcase name="testGetYearOfNextDay[25]" time="0.002" classname="junit.ComputeDateTest_testGetYearOfNextDay"/>
  <testcase name="testGetYearOfNextDay[23]" time="0.004" classname="junit.ComputeDateTest_testGetYearOfNextDay"/>
  <testcase name="testGetYearOfNextDay[21]" time="0.020" classname="junit.ComputeDateTest_testGetYearOfNextDay"/>
  <testcase name="testGetYearOfNextDay[35]" time="0.017" classname="junit.ComputeDateTest_testGetYearOfNextDay"/>
  <testcase name="testGetYearOfNextDay[41]" time="0.000" classname="junit.ComputeDateTest_testGetYearOfNextDay"/>
  <testcase name="testGetYearOfNextDay[2]" time="0.009" classname="junit.ComputeDateTest_testGetYearOfNextDay"/>
  <testcase name="testGetYearOfNextDay[30]" time="0.002" classname="junit.ComputeDateTest_testGetYearOfNextDay"/>
  <testcase name="testGetYearOfNextDay[36]" time="0.003" classname="junit.ComputeDateTest_testGetYearOfNextDay"/>
  <testcase name="testGetYearOfNextDay[15]" time="0.006" classname="junit.ComputeDateTest_testGetYearOfNextDay"/>
  <testcase name="testGetYearOfNextDay[26]" time="0.002" classname="junit.ComputeDateTest_testGetYearOfNextDay"/>
  <testcase name="testGetYearOfNextDay[27]" time="0.015" classname="junit.ComputeDateTest_testGetYearOfNextDay"/>
  <testcase name="testGetYearOfNextDay[33]" time="0.002" classname="junit.ComputeDateTest_testGetYearOfNextDay"/>
  <testcase name="testGetYearOfNextDay[28]" time="0.002" classname="junit.ComputeDateTest_testGetYearOfNextDay"/>
  <testcase name="testGetYearOfNextDay[34]" time="0.009" classname="junit.ComputeDateTest_testGetYearOfNextDay"/>
  <testcase name="testGetYearOfNextDay[1]" time="0.012" classname="junit.ComputeDateTest_testGetYearOfNextDay"/>
  <testcase name="testGetYearOfNextDay[5]" time="0.006" classname="junit.ComputeDateTest_testGetYearOfNextDay"/>
  <testcase name="testGetYearOfNextDay[3]" time="0.004" classname="junit.ComputeDateTest_testGetYearOfNextDay"/>
  <testcase name="testGetYearOfNextDay[14]" time="0.006" classname="junit.ComputeDateTest_testGetYearOfNextDay"/>
  <testcase name="testGetYearOfNextDay[40]" time="0.001" classname="junit.ComputeDateTest_testGetYearOfNextDay"/>
</testsuite> <!-- junit.ComputeDateTest_testGetYearOfNextDay -->
